[2m2026-01-02T16:06:40.781964Z[0m [32m INFO[0m [2mscx_morpheus[0m[2m:[0m scx_morpheus starting
[2m2026-01-02T16:06:40.782038Z[0m [32m INFO[0m [2mscx_morpheus[0m[2m:[0m   slice: 5ms, grace period: 100ms
[2m2026-01-02T16:06:40.782865Z[0m [32m INFO[0m [2mscx_morpheus[0m[2m:[0m Enforcement mode ENABLED
libbpf: map 'morpheus_ops': BPF map skeleton link is uninitialized
[2m2026-01-02T16:06:40.864562Z[0m [32m INFO[0m [2mscx_morpheus[0m[2m:[0m scx_morpheus attached successfully
[2m2026-01-02T16:06:45.870681Z[0m [32m INFO[0m [2mscx_morpheus[0m[2m:[0m stats: ticks=0 hints=0 dropped=0 escalations=0 blocked=0
[2m2026-01-02T16:06:50.874766Z[0m [32m INFO[0m [2mscx_morpheus[0m[2m:[0m stats: ticks=0 hints=0 dropped=0 escalations=0 blocked=0
[2m2026-01-02T16:06:55.924854Z[0m [32m INFO[0m [2mscx_morpheus[0m[2m:[0m stats: ticks=0 hints=0 dropped=0 escalations=0 blocked=0
[2m2026-01-02T16:07:00.925529Z[0m [32m INFO[0m [2mscx_morpheus[0m[2m:[0m stats: ticks=0 hints=0 dropped=0 escalations=0 blocked=0
[2m2026-01-02T16:07:06.074046Z[0m [32m INFO[0m [2mscx_morpheus[0m[2m:[0m stats: ticks=0 hints=0 dropped=0 escalations=0 blocked=0
[2m2026-01-02T16:07:11.075541Z[0m [32m INFO[0m [2mscx_morpheus[0m[2m:[0m stats: ticks=0 hints=0 dropped=0 escalations=0 blocked=0
[2m2026-01-02T16:07:16.115966Z[0m [32m INFO[0m [2mscx_morpheus[0m[2m:[0m stats: ticks=0 hints=0 dropped=0 escalations=0 blocked=0
[2m2026-01-02T16:07:21.137946Z[0m [32m INFO[0m [2mscx_morpheus[0m[2m:[0m stats: ticks=0 hints=0 dropped=0 escalations=0 blocked=0
[2m2026-01-02T16:07:26.157663Z[0m [32m INFO[0m [2mscx_morpheus[0m[2m:[0m stats: ticks=0 hints=0 dropped=0 escalations=0 blocked=0
[2m2026-01-02T16:07:31.159504Z[0m [32m INFO[0m [2mscx_morpheus[0m[2m:[0m stats: ticks=0 hints=0 dropped=0 escalations=0 blocked=0
[2m2026-01-02T16:07:36.179350Z[0m [32m INFO[0m [2mscx_morpheus[0m[2m:[0m stats: ticks=0 hints=0 dropped=0 escalations=0 blocked=0
[2m2026-01-02T16:07:41.195132Z[0m [32m INFO[0m [2mscx_morpheus[0m[2m:[0m stats: ticks=0 hints=0 dropped=0 escalations=0 blocked=0
[2m2026-01-02T16:07:46.208556Z[0m [32m INFO[0m [2mscx_morpheus[0m[2m:[0m stats: ticks=0 hints=0 dropped=0 escalations=0 blocked=0
[2m2026-01-02T16:07:51.210412Z[0m [32m INFO[0m [2mscx_morpheus[0m[2m:[0m stats: ticks=0 hints=0 dropped=0 escalations=0 blocked=0
[2m2026-01-02T16:07:56.212313Z[0m [32m INFO[0m [2mscx_morpheus[0m[2m:[0m stats: ticks=0 hints=0 dropped=0 escalations=0 blocked=0
[2m2026-01-02T16:08:01.212909Z[0m [32m INFO[0m [2mscx_morpheus[0m[2m:[0m stats: ticks=0 hints=0 dropped=0 escalations=0 blocked=0
[2m2026-01-02T16:08:06.259742Z[0m [32m INFO[0m [2mscx_morpheus[0m[2m:[0m stats: ticks=0 hints=0 dropped=0 escalations=0 blocked=0
[2m2026-01-02T16:08:11.260570Z[0m [32m INFO[0m [2mscx_morpheus[0m[2m:[0m stats: ticks=0 hints=0 dropped=0 escalations=0 blocked=0
[2m2026-01-02T16:08:16.387431Z[0m [32m INFO[0m [2mscx_morpheus[0m[2m:[0m stats: ticks=0 hints=0 dropped=0 escalations=0 blocked=0
[2m2026-01-02T16:08:21.387848Z[0m [32m INFO[0m [2mscx_morpheus[0m[2m:[0m stats: ticks=0 hints=0 dropped=0 escalations=0 blocked=0
[2m2026-01-02T16:08:26.390784Z[0m [32m INFO[0m [2mscx_morpheus[0m[2m:[0m stats: ticks=0 hints=0 dropped=0 escalations=0 blocked=0
[2m2026-01-02T16:08:31.391894Z[0m [32m INFO[0m [2mscx_morpheus[0m[2m:[0m stats: ticks=0 hints=0 dropped=0 escalations=0 blocked=0
[2m2026-01-02T16:08:36.392614Z[0m [32m INFO[0m [2mscx_morpheus[0m[2m:[0m stats: ticks=0 hints=0 dropped=0 escalations=0 blocked=0
[2m2026-01-02T16:08:41.393019Z[0m [32m INFO[0m [2mscx_morpheus[0m[2m:[0m stats: ticks=0 hints=0 dropped=0 escalations=0 blocked=0
[2m2026-01-02T16:08:46.393749Z[0m [32m INFO[0m [2mscx_morpheus[0m[2m:[0m stats: ticks=0 hints=0 dropped=0 escalations=0 blocked=0
[2m2026-01-02T16:08:51.395308Z[0m [32m INFO[0m [2mscx_morpheus[0m[2m:[0m stats: ticks=0 hints=0 dropped=0 escalations=0 blocked=0
[2m2026-01-02T16:08:56.397825Z[0m [32m INFO[0m [2mscx_morpheus[0m[2m:[0m stats: ticks=0 hints=0 dropped=0 escalations=0 blocked=0
[2m2026-01-02T16:09:01.465170Z[0m [32m INFO[0m [2mscx_morpheus[0m[2m:[0m stats: ticks=0 hints=0 dropped=0 escalations=0 blocked=0
[2m2026-01-02T16:09:06.465746Z[0m [32m INFO[0m [2mscx_morpheus[0m[2m:[0m stats: ticks=0 hints=0 dropped=0 escalations=0 blocked=0
[2m2026-01-02T16:09:11.466879Z[0m [32m INFO[0m [2mscx_morpheus[0m[2m:[0m stats: ticks=0 hints=0 dropped=0 escalations=0 blocked=0
[2m2026-01-02T16:09:16.500034Z[0m [32m INFO[0m [2mscx_morpheus[0m[2m:[0m stats: ticks=0 hints=0 dropped=0 escalations=0 blocked=0
[2m2026-01-02T16:09:21.500661Z[0m [32m INFO[0m [2mscx_morpheus[0m[2m:[0m stats: ticks=0 hints=0 dropped=0 escalations=0 blocked=0
[2m2026-01-02T16:09:26.502053Z[0m [32m INFO[0m [2mscx_morpheus[0m[2m:[0m stats: ticks=0 hints=0 dropped=0 escalations=0 blocked=0
[2m2026-01-02T16:09:31.534925Z[0m [32m INFO[0m [2mscx_morpheus[0m[2m:[0m stats: ticks=0 hints=0 dropped=0 escalations=0 blocked=0
[2m2026-01-02T16:09:36.536605Z[0m [32m INFO[0m [2mscx_morpheus[0m[2m:[0m stats: ticks=0 hints=0 dropped=0 escalations=0 blocked=0
[2m2026-01-02T16:09:41.538556Z[0m [32m INFO[0m [2mscx_morpheus[0m[2m:[0m stats: ticks=0 hints=0 dropped=0 escalations=0 blocked=0
[2m2026-01-02T16:09:46.580856Z[0m [32m INFO[0m [2mscx_morpheus[0m[2m:[0m stats: ticks=0 hints=0 dropped=0 escalations=0 blocked=0
[2m2026-01-02T16:09:51.598734Z[0m [32m INFO[0m [2mscx_morpheus[0m[2m:[0m stats: ticks=0 hints=0 dropped=0 escalations=0 blocked=0
[2m2026-01-02T16:09:56.656745Z[0m [32m INFO[0m [2mscx_morpheus[0m[2m:[0m stats: ticks=0 hints=0 dropped=0 escalations=0 blocked=0
[2m2026-01-02T16:10:01.677606Z[0m [32m INFO[0m [2mscx_morpheus[0m[2m:[0m stats: ticks=0 hints=0 dropped=0 escalations=0 blocked=0
[2m2026-01-02T16:10:06.687092Z[0m [32m INFO[0m [2mscx_morpheus[0m[2m:[0m stats: ticks=0 hints=0 dropped=0 escalations=0 blocked=0
[2m2026-01-02T16:10:11.687958Z[0m [32m INFO[0m [2mscx_morpheus[0m[2m:[0m stats: ticks=0 hints=0 dropped=0 escalations=0 blocked=0
[2m2026-01-02T16:10:16.711620Z[0m [32m INFO[0m [2mscx_morpheus[0m[2m:[0m stats: ticks=0 hints=0 dropped=0 escalations=0 blocked=0
[2m2026-01-02T16:10:21.718860Z[0m [32m INFO[0m [2mscx_morpheus[0m[2m:[0m stats: ticks=0 hints=0 dropped=0 escalations=0 blocked=0
[2m2026-01-02T16:10:26.869626Z[0m [32m INFO[0m [2mscx_morpheus[0m[2m:[0m stats: ticks=0 hints=0 dropped=0 escalations=0 blocked=0
[2m2026-01-02T16:10:31.931830Z[0m [32m INFO[0m [2mscx_morpheus[0m[2m:[0m stats: ticks=0 hints=0 dropped=0 escalations=0 blocked=0
[2m2026-01-02T16:10:36.974009Z[0m [32m INFO[0m [2mscx_morpheus[0m[2m:[0m stats: ticks=0 hints=0 dropped=0 escalations=0 blocked=0
[2m2026-01-02T16:10:42.014622Z[0m [32m INFO[0m [2mscx_morpheus[0m[2m:[0m stats: ticks=0 hints=0 dropped=0 escalations=0 blocked=0
[2m2026-01-02T16:10:47.020026Z[0m [32m INFO[0m [2mscx_morpheus[0m[2m:[0m stats: ticks=0 hints=0 dropped=0 escalations=0 blocked=0
[2m2026-01-02T16:10:52.048774Z[0m [32m INFO[0m [2mscx_morpheus[0m[2m:[0m stats: ticks=0 hints=0 dropped=0 escalations=0 blocked=0
[2m2026-01-02T16:10:57.049823Z[0m [32m INFO[0m [2mscx_morpheus[0m[2m:[0m stats: ticks=0 hints=0 dropped=0 escalations=0 blocked=0
[2m2026-01-02T16:11:02.107499Z[0m [32m INFO[0m [2mscx_morpheus[0m[2m:[0m stats: ticks=0 hints=0 dropped=0 escalations=0 blocked=0
[2m2026-01-02T16:11:07.108528Z[0m [32m INFO[0m [2mscx_morpheus[0m[2m:[0m stats: ticks=0 hints=0 dropped=0 escalations=0 blocked=0
[2m2026-01-02T16:11:12.108996Z[0m [32m INFO[0m [2mscx_morpheus[0m[2m:[0m stats: ticks=0 hints=0 dropped=0 escalations=0 blocked=0
[2m2026-01-02T16:11:17.109430Z[0m [32m INFO[0m [2mscx_morpheus[0m[2m:[0m stats: ticks=0 hints=0 dropped=0 escalations=0 blocked=0
[2m2026-01-02T16:11:22.130213Z[0m [32m INFO[0m [2mscx_morpheus[0m[2m:[0m stats: ticks=0 hints=0 dropped=0 escalations=0 blocked=0
[2m2026-01-02T16:11:27.166891Z[0m [32m INFO[0m [2mscx_morpheus[0m[2m:[0m stats: ticks=0 hints=0 dropped=0 escalations=0 blocked=0
[2m2026-01-02T16:11:32.200519Z[0m [32m INFO[0m [2mscx_morpheus[0m[2m:[0m stats: ticks=0 hints=0 dropped=0 escalations=0 blocked=0
[2m2026-01-02T16:11:37.211917Z[0m [32m INFO[0m [2mscx_morpheus[0m[2m:[0m stats: ticks=0 hints=0 dropped=0 escalations=0 blocked=0
[2m2026-01-02T16:11:42.215509Z[0m [32m INFO[0m [2mscx_morpheus[0m[2m:[0m stats: ticks=0 hints=0 dropped=0 escalations=0 blocked=0
[2m2026-01-02T16:11:47.323606Z[0m [32m INFO[0m [2mscx_morpheus[0m[2m:[0m stats: ticks=0 hints=0 dropped=0 escalations=0 blocked=0
[2m2026-01-02T16:11:52.329303Z[0m [32m INFO[0m [2mscx_morpheus[0m[2m:[0m stats: ticks=0 hints=0 dropped=0 escalations=0 blocked=0
[2m2026-01-02T16:11:57.421840Z[0m [32m INFO[0m [2mscx_morpheus[0m[2m:[0m stats: ticks=0 hints=0 dropped=0 escalations=0 blocked=0
[2m2026-01-02T16:12:02.423635Z[0m [32m INFO[0m [2mscx_morpheus[0m[2m:[0m stats: ticks=0 hints=0 dropped=0 escalations=0 blocked=0
[2m2026-01-02T16:12:07.424265Z[0m [32m INFO[0m [2mscx_morpheus[0m[2m:[0m stats: ticks=0 hints=0 dropped=0 escalations=0 blocked=0
[2m2026-01-02T16:12:12.546994Z[0m [32m INFO[0m [2mscx_morpheus[0m[2m:[0m stats: ticks=0 hints=0 dropped=0 escalations=0 blocked=0
